android/app/build/outputs/logs/manifest-merger-debug-report.txt
-- Merging decision tree log ---
application
INJECTED from src\main\AndroidManifest.xml:15:5-46:19
INJECTED from src\debug\AndroidManifest.xml
MERGED from [:firebase_messaging] AndroidManifest.xml:13:5-46:19
MERGED from [:firebase_messaging] AndroidManifest.xml:13:5-46:19
MERGED from [:firebase_core] AndroidManifest.xml:7:5-13:19
MERGED from [:firebase_core] AndroidManifest.xml:7:5-13:19
MERGED from [com.google.firebase:firebase-messaging:24.1.1] AndroidManifest.xml:28:5-64:19
MERGED from [com.google.firebase:firebase-messaging:24.1.1] AndroidManifest.xml:28:5-64:19
MERGED from [com.google.firebase:firebase-installations:18.0.0] AndroidManifest.xml:11:5-22:19
MERGED from [com.google.firebase:firebase-installations:18.0.0] AndroidManifest.xml:11:5-22:19
MERGED from [com.google.firebase:firebase-common-ktx:21.0.0] AndroidManifest.xml:8:5-16:19
MERGED from [com.google.firebase:firebase-common-ktx:21.0.0] AndroidManifest.xml:8:5-16:19
MERGED from [:flutter_callkeep] AndroidManifest.xml:12:5-49:19
MERGED from [:flutter_callkeep] AndroidManifest.xml:12:5-49:19
MERGED from [:image_picker_android] AndroidManifest.xml:8:5-32:19
MERGED from [:image_picker_android] AndroidManifest.xml:8:5-32:19
MERGED from [:url_launcher_android] AndroidManifest.xml:7:5-12:19
MERGED from [:url_launcher_android] AndroidManifest.xml:7:5-12:19
MERGED from [:open_filex] AndroidManifest.xml:15:5-26:19
MERGED from [:open_filex] AndroidManifest.xml:15:5-26:19
MERGED from [com.github.canardoux:flutter_sound_core:9.28.0] AndroidManifest.xml:13:5-14:19
MERGED from [com.github.canardoux:flutter_sound_core:9.28.0] AndroidManifest.xml:13:5-14:19
MERGED from [com.google.firebase:firebase-common:21.0.0] AndroidManifest.xml:22:5-39:19
MERGED from [com.google.firebase:firebase-common:21.0.0] AndroidManifest.xml:22:5-39:19
MERGED from [com.google.firebase:firebase-iid-interop:17.1.0] AndroidManifest.xml:7:5-8:19
MERGED from [com.google.firebase:firebase-iid-interop:17.1.0] AndroidManifest.xml:7:5-8:19
MERGED from [com.google.android.gms:play-services-base:18.1.0] AndroidManifest.xml:19:5-23:19
MERGED from [com.google.android.gms:play-services-base:18.1.0] AndroidManifest.xml:19:5-23:19
MERGED from [androidx.emoji2:emoji2:1.2.0] AndroidManifest.xml:23:5-33:19
MERGED from [androidx.emoji2:emoji2:1.2.0] AndroidManifest.xml:23:5-33:19
MERGED from [com.google.android.gms:play-services-stats:17.0.2] AndroidManifest.xml:7:5-20
MERGED from [com.google.android.gms:play-services-stats:17.0.2] AndroidManifest.xml:7:5-20
MERGED from [androidx.lifecycle:lifecycle-process:2.7.0] AndroidManifest.xml:23:5-33:19
MERGED from [androidx.lifecycle:lifecycle-process:2.7.0] AndroidManifest.xml:23:5-33:19
MERGED from [androidx.window:window:1.2.0] AndroidManifest.xml:22:5-29:19
MERGED from [androidx.window:window:1.2.0] AndroidManifest.xml:22:5-29:19
MERGED from [com.google.android.gms:play-services-tasks:18.1.0] AndroidManifest.xml:5:5-20
MERGED from [com.google.android.gms:play-services-tasks:18.1.0] AndroidManifest.xml:5:5-20
MERGED from [com.google.firebase:firebase-measurement-connector:19.0.0] AndroidManifest.xml:22:5-23:19
MERGED from [com.google.firebase:firebase-measurement-connector:19.0.0] AndroidManifest.xml:22:5-23:19
MERGED from [com.google.android.gms:play-services-basement:18.3.0] AndroidManifest.xml:20:5-24:19
MERGED from [com.google.android.gms:play-services-basement:18.3.0] AndroidManifest.xml:20:5-24:19
MERGED from [androidx.core:core:1.13.1] AndroidManifest.xml:28:5-89
MERGED from [androidx.core:core:1.13.1] AndroidManifest.xml:28:5-89
MERGED from [com.squareup.picasso:picasso:2.71828] AndroidManifest.xml:7:5-12:19
MERGED from [com.squareup.picasso:picasso:2.71828] AndroidManifest.xml:7:5-12:19
MERGED from [androidx.profileinstaller:profileinstaller:1.3.1] AndroidManifest.xml:23:5-53:19
MERGED from [androidx.profileinstaller:profileinstaller:1.3.1] AndroidManifest.xml:23:5-53:19
MERGED from [androidx.startup:startup-runtime:1.1.1] AndroidManifest.xml:25:5-31:19
MERGED from [androidx.startup:startup-runtime:1.1.1] AndroidManifest.xml:25:5-31:19
MERGED from [androidx.versionedparcelable:versionedparcelable:1.1.1] AndroidManifest.xml:24:5-25:19
MERGED from [androidx.versionedparcelable:versionedparcelable:1.1.1] AndroidManifest.xml:24:5-25:19
MERGED from [com.google.firebase:firebase-datatransport:18.2.0] AndroidManifest.xml:21:5-29:19
MERGED from [com.google.firebase:firebase-datatransport:18.2.0] AndroidManifest.xml:21:5-29:19
MERGED from [com.google.android.datatransport:transport-backend-cct:3.1.9] AndroidManifest.xml:27:5-35:19
MERGED from [com.google.android.datatransport:transport-backend-cct:3.1.9] AndroidManifest.xml:27:5-35:19
MERGED from [com.google.android.datatransport:transport-runtime:3.1.9] AndroidManifest.xml:25:5-39:19
MERGED from [com.google.android.datatransport:transport-runtime:3.1.9] AndroidManifest.xml:25:5-39:19
MERGED from [io.agora.rtc:full-screen-sharing:4.5.1] AndroidManifest.xml:10:5-20:19
MERGED from [io.agora.rtc:full-screen-sharing:4.5.1] AndroidManifest.xml:10:5-20:19
MERGED from [de.hdodenhof:circleimageview:3.1.0] AndroidManifest.xml:9:5-20
MERGED from [de.hdodenhof:circleimageview:3.1.0] AndroidManifest.xml:9:5-20
	android:extractNativeLibs
		INJECTED from src\debug\AndroidManifest.xml
	android:appComponentFactory
		ADDED from [androidx.core:core:1.13.1] AndroidManifest.xml:28:18-86
	android:name
		INJECTED from src\main\AndroidManifest.xml
manifest
ADDED from src\main\AndroidManifest.xml:1:1-58:12
MERGED from src\main\AndroidManifest.xml:1:1-58:12
INJECTED from src\debug\AndroidManifest.xml:1:1-7:12
INJECTED from src\debug\AndroidManifest.xml:1:1-7:12
INJECTED from src\debug\AndroidManifest.xml:1:1-7:12
MERGED from [:flutter_image_compress_common] AndroidManifest.xml:2:1-10:12
MERGED from [:shared_preferences_android] AndroidManifest.xml:2:1-7:12
MERGED from [:firebase_messaging] AndroidManifest.xml:2:1-48:12
MERGED from [:firebase_core] AndroidManifest.xml:2:1-15:12
MERGED from [com.google.firebase:firebase-messaging:24.1.1] AndroidManifest.xml:17:1-66:12
MERGED from [com.google.firebase:firebase-installations:18.0.0] AndroidManifest.xml:2:1-24:12
MERGED from [com.google.firebase:firebase-common-ktx:21.0.0] AndroidManifest.xml:2:1-18:12
MERGED from [:syncfusion_flutter_pdfviewer] AndroidManifest.xml:2:1-7:12
MERGED from [:device_info_plus] AndroidManifest.xml:2:1-7:12
MERGED from [:audioplayers_android] AndroidManifest.xml:2:1-7:12
MERGED from [:file_saver] AndroidManifest.xml:2:1-7:12
MERGED from [:flutter_callkeep] AndroidManifest.xml:2:1-51:12
MERGED from [:file_picker] AndroidManifest.xml:2:1-15:12
MERGED from [:flutter_local_notifications] AndroidManifest.xml:2:1-10:12
MERGED from [:flutter_sound] AndroidManifest.xml:2:1-7:12
MERGED from [:image_picker_android] AndroidManifest.xml:2:1-34:12
MERGED from [:url_launcher_android] AndroidManifest.xml:2:1-14:12
MERGED from [:agora_rtc_engine] AndroidManifest.xml:2:1-21:12
MERGED from [:flutter_pdfview] AndroidManifest.xml:2:1-7:12
MERGED from [:flutter_plugin_android_lifecycle] AndroidManifest.xml:2:1-7:12
MERGED from [:iris_method_channel] AndroidManifest.xml:2:1-7:12
MERGED from [:open_filex] AndroidManifest.xml:2:1-28:12
MERGED from [:path_provider_android] AndroidManifest.xml:2:1-7:12
MERGED from [:permission_handler_android] AndroidManifest.xml:2:1-7:12
MERGED from [:sqflite_android] AndroidManifest.xml:2:1-7:12
MERGED from [com.github.mhiew:android-pdf-viewer:3.2.0-beta.3] AndroidManifest.xml:2:1-9:12
MERGED from [com.github.canardoux:flutter_sound_core:9.28.0] AndroidManifest.xml:2:1-16:12
MERGED from [androidx.media:media:1.4.1] AndroidManifest.xml:17:1-30:12
MERGED from [androidx.preference:preference:1.2.1] AndroidManifest.xml:17:1-24:12
MERGED from [androidx.appcompat:appcompat-resources:1.6.1] AndroidManifest.xml:17:1-22:12
MERGED from [androidx.appcompat:appcompat:1.6.1] AndroidManifest.xml:17:1-22:12
MERGED from [androidx.fragment:fragment-ktx:1.7.1] AndroidManifest.xml:2:1-7:12
MERGED from [com.google.firebase:firebase-common:21.0.0] AndroidManifest.xml:15:1-41:12
MERGED from [com.google.firebase:firebase-iid-interop:17.1.0] AndroidManifest.xml:2:1-10:12
MERGED from [com.google.android.gms:play-services-base:18.1.0] AndroidManifest.xml:16:1-24:12
MERGED from [com.google.android.gms:play-services-cloud-messaging:17.2.0] AndroidManifest.xml:2:1-13:12
MERGED from [com.google.firebase:firebase-installations-interop:17.1.1] AndroidManifest.xml:15:1-19:12
MERGED from [androidx.emoji2:emoji2-views-helper:1.2.0] AndroidManifest.xml:2:1-7:12
MERGED from [androidx.emoji2:emoji2:1.2.0] AndroidManifest.xml:17:1-35:12
MERGED from [androidx.activity:activity-ktx:1.9.3] AndroidManifest.xml:2:1-7:12
MERGED from [com.google.android.gms:play-services-stats:17.0.2] AndroidManifest.xml:2:1-9:12
MERGED from [androidx.recyclerview:recyclerview:1.0.0] AndroidManifest.xml:17:1-22:12
MERGED from [androidx.legacy:legacy-support-core-ui:1.0.0] AndroidManifest.xml:17:1-22:12
MERGED from [androidx.legacy:legacy-support-core-utils:1.0.0] AndroidManifest.xml:17:1-22:12
MERGED from [androidx.loader:loader:1.0.0] AndroidManifest.xml:17:1-22:12
MERGED from [androidx.lifecycle:lifecycle-runtime-ktx:2.7.0] AndroidManifest.xml:17:1-22:12
MERGED from [androidx.lifecycle:lifecycle-livedata:2.7.0] AndroidManifest.xml:17:1-22:12
MERGED from [androidx.lifecycle:lifecycle-viewmodel-ktx:2.7.0] AndroidManifest.xml:2:1-7:12
MERGED from [androidx.lifecycle:lifecycle-livedata-core-ktx:2.7.0] AndroidManifest.xml:2:1-7:12
MERGED from [androidx.lifecycle:lifecycle-livedata-core:2.7.0] AndroidManifest.xml:17:1-22:12
MERGED from [androidx.lifecycle:lifecycle-viewmodel-savedstate:2.7.0] AndroidManifest.xml:17:1-22:12
MERGED from [androidx.lifecycle:lifecycle-viewmodel:2.7.0] AndroidManifest.xml:17:1-22:12
MERGED from [androidx.lifecycle:lifecycle-process:2.7.0] AndroidManifest.xml:17:1-35:12
MERGED from [androidx.lifecycle:lifecycle-runtime:2.7.0] AndroidManifest.xml:2:1-7:12
MERGED from [androidx.savedstate:savedstate-ktx:1.2.1] AndroidManifest.xml:17:1-22:12
MERGED from [androidx.savedstate:savedstate:1.2.1] AndroidManifest.xml:17:1-22:12
MERGED from [androidx.window:window-java:1.2.0] AndroidManifest.xml:17:1-21:12
MERGED from [androidx.slidingpanelayout:slidingpanelayout:1.2.0] AndroidManifest.xml:17:1-24:12
MERGED from [androidx.window:window:1.2.0] AndroidManifest.xml:17:1-31:12
MERGED from [androidx.datastore:datastore-core-android:1.1.3] AndroidManifest.xml:2:1-7:12
MERGED from [androidx.datastore:datastore-preferences-android:1.1.3] AndroidManifest.xml:17:1-22:12
MERGED from [androidx.datastore:datastore-android:1.1.3] AndroidManifest.xml:17:1-22:12
MERGED from [com.google.android.gms:play-services-tasks:18.1.0] AndroidManifest.xml:2:1-6:12
MERGED from [com.google.firebase:firebase-measurement-connector:19.0.0] AndroidManifest.xml:17:1-25:12
MERGED from [com.google.android.gms:play-services-basement:18.3.0] AndroidManifest.xml:16:1-26:12
MERGED from [androidx.fragment:fragment:1.7.1] AndroidManifest.xml:2:1-7:12
MERGED from [androidx.activity:activity:1.9.3] AndroidManifest.xml:17:1-22:12
MERGED from [androidx.browser:browser:1.8.0] AndroidManifest.xml:2:1-7:12
MERGED from [androidx.core:core-ktx:1.13.1] AndroidManifest.xml:2:1-7:12
MERGED from [androidx.drawerlayout:drawerlayout:1.0.0] AndroidManifest.xml:17:1-22:12
MERGED from [androidx.viewpager:viewpager:1.0.0] AndroidManifest.xml:17:1-22:12
MERGED from [androidx.vectordrawable:vectordrawable-animated:1.1.0] AndroidManifest.xml:17:1-24:12
MERGED from [androidx.vectordrawable:vectordrawable:1.1.0] AndroidManifest.xml:17:1-24:12
MERGED from [androidx.coordinatorlayout:coordinatorlayout:1.0.0] AndroidManifest.xml:17:1-22:12
MERGED from [androidx.customview:customview:1.1.0] AndroidManifest.xml:17:1-24:12
MERGED from [androidx.transition:transition:1.4.1] AndroidManifest.xml:17:1-24:12
MERGED from [androidx.swiperefreshlayout:swiperefreshlayout:1.0.0] AndroidManifest.xml:17:1-22:12
MERGED from [androidx.asynclayoutinflater:asynclayoutinflater:1.0.0] AndroidManifest.xml:17:1-22:12
MERGED from [androidx.core:core:1.13.1] AndroidManifest.xml:17:1-30:12
MERGED from [androidx.localbroadcastmanager:localbroadcastmanager:1.1.0] AndroidManifest.xml:17:1-24:12
MERGED from [com.squareup.picasso:picasso:2.71828] AndroidManifest.xml:2:1-14:12
MERGED from [androidx.heifwriter:heifwriter:1.0.0] AndroidManifest.xml:17:1-22:12
MERGED from [androidx.exifinterface:exifinterface:1.3.7] AndroidManifest.xml:17:1-24:12
MERGED from [androidx.profileinstaller:profileinstaller:1.3.1] AndroidManifest.xml:17:1-55:12
MERGED from [androidx.startup:startup-runtime:1.1.1] AndroidManifest.xml:17:1-33:12
MERGED from [androidx.tracing:tracing:1.2.0] AndroidManifest.xml:17:1-22:12
MERGED from [androidx.versionedparcelable:versionedparcelable:1.1.1] AndroidManifest.xml:17:1-27:12
MERGED from [androidx.interpolator:interpolator:1.0.0] AndroidManifest.xml:17:1-22:12
MERGED from [androidx.cursoradapter:cursoradapter:1.0.0] AndroidManifest.xml:17:1-22:12
MERGED from [androidx.arch.core:core-runtime:2.2.0] AndroidManifest.xml:17:1-22:12
MERGED from [com.google.firebase:firebase-components:18.0.0] AndroidManifest.xml:15:1-20:12
MERGED from [com.google.firebase:firebase-datatransport:18.2.0] AndroidManifest.xml:15:1-31:12
MERGED from [com.google.android.datatransport:transport-backend-cct:3.1.9] AndroidManifest.xml:15:1-37:12
MERGED from [com.google.firebase:firebase-encoders-json:18.0.0] AndroidManifest.xml:15:1-23:12
MERGED from [com.google.android.datatransport:transport-runtime:3.1.9] AndroidManifest.xml:15:1-41:12
MERGED from [com.google.android.datatransport:transport-api:3.1.0] AndroidManifest.xml:15:1-20:12
MERGED from [androidx.window.extensions.core:core:1.0.0] AndroidManifest.xml:2:1-7:12
MERGED from [androidx.documentfile:documentfile:1.0.0] AndroidManifest.xml:17:1-22:12
MERGED from [androidx.print:print:1.0.0] AndroidManifest.xml:17:1-22:12
MERGED from [androidx.annotation:annotation-experimental:1.4.0] AndroidManifest.xml:2:1-7:12
MERGED from [io.agora.rtc:iris-rtc:4.5.1-build.1] AndroidManifest.xml:2:1-11:12
MERGED from [io.agora.rtc:full-sdk:4.5.1] AndroidManifest.xml:2:1-11:12
MERGED from [io.agora.rtc:full-screen-sharing:4.5.1] AndroidManifest.xml:2:1-21:12
MERGED from [de.hdodenhof:circleimageview:3.1.0] AndroidManifest.xml:2:1-11:12
MERGED from [io.agora.rtc:full-rtc-basic:4.5.1] AndroidManifest.xml:2:1-11:12
MERGED from [io.agora.rtc:ains:4.5.1] AndroidManifest.xml:2:1-11:12
MERGED from [io.agora.rtc:ains-ll:4.5.1] AndroidManifest.xml:2:1-11:12
MERGED from [io.agora.rtc:audio-beauty:4.5.1] AndroidManifest.xml:2:1-11:12
MERGED from [io.agora.rtc:clear-vision:4.5.1] AndroidManifest.xml:2:1-11:12
MERGED from [io.agora.rtc:full-content-inspect:4.5.1] AndroidManifest.xml:2:1-11:12
MERGED from [io.agora.rtc:screen-capture:4.5.1] AndroidManifest.xml:2:1-11:12
MERGED from [io.agora.rtc:full-virtual-background:4.5.1] AndroidManifest.xml:2:1-11:12
MERGED from [io.agora.rtc:spatial-audio:4.5.1] AndroidManifest.xml:2:1-11:12
MERGED from [io.agora.rtc:aiaec:4.5.1] AndroidManifest.xml:2:1-11:12
MERGED from [io.agora.rtc:aiaec-ll:4.5.1] AndroidManifest.xml:2:1-11:12
MERGED from [io.agora.rtc:full-vqa:4.5.1] AndroidManifest.xml:2:1-11:12
MERGED from [io.agora.rtc:full-face-detect:4.5.1] AndroidManifest.xml:2:1-11:12
MERGED from [io.agora.rtc:full-face-capture:4.5.1] AndroidManifest.xml:2:1-11:12
MERGED from [io.agora.rtc:full-voice-drive:4.5.1] AndroidManifest.xml:2:1-11:12
MERGED from [io.agora.rtc:full-video-codec-enc:4.5.1] AndroidManifest.xml:2:1-11:12
MERGED from [io.agora.rtc:full-video-codec-dec:4.5.1] AndroidManifest.xml:2:1-11:12
MERGED from [io.agora.rtc:full-video-av1-codec-enc:4.5.1] AndroidManifest.xml:2:1-11:12
MERGED from [io.agora.rtc:full-video-av1-codec-dec:4.5.1] AndroidManifest.xml:2:1-11:12
MERGED from [com.getkeepsafe.relinker:relinker:1.4.5] AndroidManifest.xml:2:1-7:12
MERGED from [com.github.mhiew:pdfium-android:1.9.2] AndroidManifest.xml:2:1-9:12
MERGED from [io.agora.infra:aosl:1.2.13] AndroidManifest.xml:2:1-11:12
	package
		INJECTED from src\debug\AndroidManifest.xml
	android:versionName
		INJECTED from src\debug\AndroidManifest.xml
	android:versionCode
		INJECTED from src\debug\AndroidManifest.xml
	xmlns:android
		ADDED from src\main\AndroidManifest.xml:1:11-69
uses-permission#android.permission.INTERNET
ADDED from src\main\AndroidManifest.xml:3:5-66
MERGED from src\main\AndroidManifest.xml:3:5-66
MERGED from src\main\AndroidManifest.xml:3:5-66
MERGED from [:firebase_messaging] AndroidManifest.xml:7:5-67
MERGED from [:firebase_messaging] AndroidManifest.xml:7:5-67
MERGED from [com.google.firebase:firebase-installations:18.0.0] AndroidManifest.xml:8:5-67
MERGED from [com.google.firebase:firebase-installations:18.0.0] AndroidManifest.xml:8:5-67
MERGED from [:flutter_callkeep] AndroidManifest.xml:8:5-67
MERGED from [:flutter_callkeep] AndroidManifest.xml:8:5-67
MERGED from [:agora_rtc_engine] AndroidManifest.xml:8:5-67
MERGED from [:agora_rtc_engine] AndroidManifest.xml:8:5-67
MERGED from [com.google.android.gms:play-services-cloud-messaging:17.2.0] AndroidManifest.xml:8:5-67
MERGED from [com.google.android.gms:play-services-cloud-messaging:17.2.0] AndroidManifest.xml:8:5-67
MERGED from [com.google.android.datatransport:transport-backend-cct:3.1.9] AndroidManifest.xml:25:5-67
MERGED from [com.google.android.datatransport:transport-backend-cct:3.1.9] AndroidManifest.xml:25:5-67
	android:name
		ADDED from src\main\AndroidManifest.xml:3:22-64
uses-permission#android.permission.ACCESS_NETWORK_STATE
ADDED from src\main\AndroidManifest.xml:4:5-78
MERGED from [:firebase_messaging] AndroidManifest.xml:9:5-79
MERGED from [:firebase_messaging] AndroidManifest.xml:9:5-79
MERGED from [com.google.firebase:firebase-messaging:24.1.1] AndroidManifest.xml:22:5-79
MERGED from [com.google.firebase:firebase-messaging:24.1.1] AndroidManifest.xml:22:5-79
MERGED from [com.google.firebase:firebase-installations:18.0.0] AndroidManifest.xml:7:5-79
MERGED from [com.google.firebase:firebase-installations:18.0.0] AndroidManifest.xml:7:5-79
MERGED from [:agora_rtc_engine] AndroidManifest.xml:14:5-79
MERGED from [:agora_rtc_engine] AndroidManifest.xml:14:5-79
MERGED from [com.google.android.gms:play-services-cloud-messaging:17.2.0] AndroidManifest.xml:7:5-79
MERGED from [com.google.android.gms:play-services-cloud-messaging:17.2.0] AndroidManifest.xml:7:5-79
MERGED from [com.google.android.datatransport:transport-backend-cct:3.1.9] AndroidManifest.xml:24:5-79
MERGED from [com.google.android.datatransport:transport-backend-cct:3.1.9] AndroidManifest.xml:24:5-79
MERGED from [com.google.android.datatransport:transport-runtime:3.1.9] AndroidManifest.xml:22:5-79
MERGED from [com.google.android.datatransport:transport-runtime:3.1.9] AndroidManifest.xml:22:5-79
	android:name
		ADDED from src\main\AndroidManifest.xml:4:22-76
uses-feature#android.hardware.camera
ADDED from src\main\AndroidManifest.xml:6:5-60
	android:name
		ADDED from src\main\AndroidManifest.xml:6:19-57
uses-feature#android.hardware.camera.autofocus
ADDED from src\main\AndroidManifest.xml:7:5-70
	android:name
		ADDED from src\main\AndroidManifest.xml:7:19-67
uses-permission#android.permission.CAMERA
ADDED from src\main\AndroidManifest.xml:8:5-65
MERGED from [:agora_rtc_engine] AndroidManifest.xml:11:5-65
MERGED from [:agora_rtc_engine] AndroidManifest.xml:11:5-65
	android:name
		ADDED from src\main\AndroidManifest.xml:8:22-62
uses-permission#android.permission.RECORD_AUDIO
ADDED from src\main\AndroidManifest.xml:9:5-71
MERGED from [:agora_rtc_engine] AndroidManifest.xml:10:5-71
MERGED from [:agora_rtc_engine] AndroidManifest.xml:10:5-71
MERGED from [com.github.canardoux:flutter_sound_core:9.28.0] AndroidManifest.xml:10:5-71
MERGED from [com.github.canardoux:flutter_sound_core:9.28.0] AndroidManifest.xml:10:5-71
	android:name
		ADDED from src\main\AndroidManifest.xml:9:22-68
uses-permission#android.permission.CHANGE_NETWORK_STATE
ADDED from src\main\AndroidManifest.xml:10:5-79
	android:name
		ADDED from src\main\AndroidManifest.xml:10:22-76
uses-permission#android.permission.MODIFY_AUDIO_SETTINGS
ADDED from src\main\AndroidManifest.xml:11:5-80
MERGED from [:agora_rtc_engine] AndroidManifest.xml:12:5-80
MERGED from [:agora_rtc_engine] AndroidManifest.xml:12:5-80
MERGED from [com.github.canardoux:flutter_sound_core:9.28.0] AndroidManifest.xml:9:5-80
MERGED from [com.github.canardoux:flutter_sound_core:9.28.0] AndroidManifest.xml:9:5-80
	android:name
		ADDED from src\main\AndroidManifest.xml:11:22-77
uses-permission#android.permission.BLUETOOTH
ADDED from src\main\AndroidManifest.xml:13:5-95
MERGED from [:agora_rtc_engine] AndroidManifest.xml:17:5-68
MERGED from [:agora_rtc_engine] AndroidManifest.xml:17:5-68
MERGED from [com.github.canardoux:flutter_sound_core:9.28.0] AndroidManifest.xml:7:5-68
MERGED from [com.github.canardoux:flutter_sound_core:9.28.0] AndroidManifest.xml:7:5-68
	android:maxSdkVersion
		ADDED from src\main\AndroidManifest.xml:13:66-92
	android:name
		ADDED from src\main\AndroidManifest.xml:13:22-65
uses-permission#android.permission.BLUETOOTH_ADMIN
ADDED from src\main\AndroidManifest.xml:14:5-101
	android:maxSdkVersion
		ADDED from src\main\AndroidManifest.xml:14:72-98
	android:name
		ADDED from src\main\AndroidManifest.xml:14:22-71
queries
ADDED from src\main\AndroidManifest.xml:52:5-57:15
MERGED from [:file_picker] AndroidManifest.xml:7:5-13:15
MERGED from [:file_picker] AndroidManifest.xml:7:5-13:15
MERGED from [androidx.media:media:1.4.1] AndroidManifest.xml:24:5-28:15
MERGED from [androidx.media:media:1.4.1] AndroidManifest.xml:24:5-28:15
intent#action:name:android.intent.action.PROCESS_TEXT+data:mimeType:text/plain
ADDED from src\main\AndroidManifest.xml:53:9-56:18
action#android.intent.action.PROCESS_TEXT
ADDED from src\main\AndroidManifest.xml:54:13-72
	android:name
		ADDED from src\main\AndroidManifest.xml:54:21-70
data
ADDED from src\main\AndroidManifest.xml:55:13-50
	android:mimeType
		ADDED from src\main\AndroidManifest.xml:55:19-48
uses-sdk
INJECTED from src\debug\AndroidManifest.xml reason: use-sdk injection requested
INJECTED from src\debug\AndroidManifest.xml
INJECTED from src\debug\AndroidManifest.xml
MERGED from [:flutter_image_compress_common] AndroidManifest.xml:6:5-8:55
MERGED from [:flutter_image_compress_common] AndroidManifest.xml:6:5-8:55
MERGED from [:shared_preferences_android] AndroidManifest.xml:5:5-44
MERGED from [:shared_preferences_android] AndroidManifest.xml:5:5-44
MERGED from [:firebase_messaging] AndroidManifest.xml:5:5-44
MERGED from [:firebase_messaging] AndroidManifest.xml:5:5-44
MERGED from [:firebase_core] AndroidManifest.xml:5:5-44
MERGED from [:firebase_core] AndroidManifest.xml:5:5-44
MERGED from [com.google.firebase:firebase-messaging:24.1.1] AndroidManifest.xml:20:5-44
MERGED from [com.google.firebase:firebase-messaging:24.1.1] AndroidManifest.xml:20:5-44
MERGED from [com.google.firebase:firebase-installations:18.0.0] AndroidManifest.xml:5:5-44
MERGED from [com.google.firebase:firebase-installations:18.0.0] AndroidManifest.xml:5:5-44
MERGED from [com.google.firebase:firebase-common-ktx:21.0.0] AndroidManifest.xml:5:5-44
MERGED from [com.google.firebase:firebase-common-ktx:21.0.0] AndroidManifest.xml:5:5-44
MERGED from [:syncfusion_flutter_pdfviewer] AndroidManifest.xml:5:5-44
MERGED from [:syncfusion_flutter_pdfviewer] AndroidManifest.xml:5:5-44
MERGED from [:device_info_plus] AndroidManifest.xml:5:5-44
MERGED from [:device_info_plus] AndroidManifest.xml:5:5-44
MERGED from [:audioplayers_android] AndroidManifest.xml:5:5-44
MERGED from [:audioplayers_android] AndroidManifest.xml:5:5-44
MERGED from [:file_saver] AndroidManifest.xml:5:5-44
MERGED from [:file_saver] AndroidManifest.xml:5:5-44
MERGED from [:flutter_callkeep] AndroidManifest.xml:5:5-44
MERGED from [:flutter_callkeep] AndroidManifest.xml:5:5-44
MERGED from [:file_picker] AndroidManifest.xml:5:5-44
MERGED from [:file_picker] AndroidManifest.xml:5:5-44
MERGED from [:flutter_local_notifications] AndroidManifest.xml:5:5-44
MERGED from [:flutter_local_notifications] AndroidManifest.xml:5:5-44
MERGED from [:flutter_sound] AndroidManifest.xml:5:5-44
MERGED from [:flutter_sound] AndroidManifest.xml:5:5-44
MERGED from [:image_picker_android] AndroidManifest.xml:6:5-44
MERGED from [:image_picker_android] AndroidManifest.xml:6:5-44
MERGED from [:url_launcher_android] AndroidManifest.xml:5:5-44
MERGED from [:url_launcher_android] AndroidManifest.xml:5:5-44
MERGED from [:agora_rtc_engine] AndroidManifest.xml:6:5-44
MERGED from [:agora_rtc_engine] AndroidManifest.xml:6:5-44
MERGED from [:flutter_pdfview] AndroidManifest.xml:5:5-44
MERGED from [:flutter_pdfview] AndroidManifest.xml:5:5-44
MERGED from [:flutter_plugin_android_lifecycle] AndroidManifest.xml:5:5-44
MERGED from [:flutter_plugin_android_lifecycle] AndroidManifest.xml:5:5-44
MERGED from [:iris_method_channel] AndroidManifest.xml:5:5-44
MERGED from [:iris_method_channel] AndroidManifest.xml:5:5-44
MERGED from [:open_filex] AndroidManifest.xml:6:5-44
MERGED from [:open_filex] AndroidManifest.xml:6:5-44
MERGED from [:path_provider_android] AndroidManifest.xml:5:5-44
MERGED from [:path_provider_android] AndroidManifest.xml:5:5-44
MERGED from [:permission_handler_android] AndroidManifest.xml:5:5-44
MERGED from [:permission_handler_android] AndroidManifest.xml:5:5-44
MERGED from [:sqflite_android] AndroidManifest.xml:5:5-44
MERGED from [:sqflite_android] AndroidManifest.xml:5:5-44
MERGED from [com.github.mhiew:android-pdf-viewer:3.2.0-beta.3] AndroidManifest.xml:5:5-7:41
MERGED from [com.github.mhiew:android-pdf-viewer:3.2.0-beta.3] AndroidManifest.xml:5:5-7:41
MERGED from [com.github.canardoux:flutter_sound_core:9.28.0] AndroidManifest.xml:5:5-44
MERGED from [com.github.canardoux:flutter_sound_core:9.28.0] AndroidManifest.xml:5:5-44
MERGED from [androidx.media:media:1.4.1] AndroidManifest.xml:20:5-22:41
MERGED from [androidx.media:media:1.4.1] AndroidManifest.xml:20:5-22:41
MERGED from [androidx.preference:preference:1.2.1] AndroidManifest.xml:20:5-22:41
MERGED from [androidx.preference:preference:1.2.1] AndroidManifest.xml:20:5-22:41
MERGED from [androidx.appcompat:appcompat-resources:1.6.1] AndroidManifest.xml:20:5-44
MERGED from [androidx.appcompat:appcompat-resources:1.6.1] AndroidManifest.xml:20:5-44
MERGED from [androidx.appcompat:appcompat:1.6.1] AndroidManifest.xml:20:5-44
MERGED from [androidx.appcompat:appcompat:1.6.1] AndroidManifest.xml:20:5-44
MERGED from [androidx.fragment:fragment-ktx:1.7.1] AndroidManifest.xml:5:5-44
MERGED from [androidx.fragment:fragment-ktx:1.7.1] AndroidManifest.xml:5:5-44
MERGED from [com.google.firebase:firebase-common:21.0.0] AndroidManifest.xml:19:5-44
MERGED from [com.google.firebase:firebase-common:21.0.0] AndroidManifest.xml:19:5-44
MERGED from [com.google.firebase:firebase-iid-interop:17.1.0] AndroidManifest.xml:5:5-44
MERGED from [com.google.firebase:firebase-iid-interop:17.1.0] AndroidManifest.xml:5:5-44
MERGED from [com.google.android.gms:play-services-base:18.1.0] AndroidManifest.xml:18:5-43
MERGED from [com.google.android.gms:play-services-base:18.1.0] AndroidManifest.xml:18:5-43
MERGED from [com.google.android.gms:play-services-cloud-messaging:17.2.0] AndroidManifest.xml:5:5-44
MERGED from [com.google.android.gms:play-services-cloud-messaging:17.2.0] AndroidManifest.xml:5:5-44
MERGED from [com.google.firebase:firebase-installations-interop:17.1.1] AndroidManifest.xml:17:5-44
MERGED from [com.google.firebase:firebase-installations-interop:17.1.1] AndroidManifest.xml:17:5-44
MERGED from [androidx.emoji2:emoji2-views-helper:1.2.0] AndroidManifest.xml:5:5-44
MERGED from [androidx.emoji2:emoji2-views-helper:1.2.0] AndroidManifest.xml:5:5-44
MERGED from [androidx.emoji2:emoji2:1.2.0] AndroidManifest.xml:21:5-44
MERGED from [androidx.emoji2:emoji2:1.2.0] AndroidManifest.xml:21:5-44
MERGED from [androidx.activity:activity-ktx:1.9.3] AndroidManifest.xml:5:5-44
MERGED from [androidx.activity:activity-ktx:1.9.3] AndroidManifest.xml:5:5-44
MERGED from [com.google.android.gms:play-services-stats:17.0.2] AndroidManifest.xml:5:5-44
MERGED from [com.google.android.gms:play-services-stats:17.0.2] AndroidManifest.xml:5:5-44
MERGED from [androidx.recyclerview:recyclerview:1.0.0] AndroidManifest.xml:20:5-44
MERGED from [androidx.recyclerview:recyclerview:1.0.0] AndroidManifest.xml:20:5-44
MERGED from [androidx.legacy:legacy-support-core-ui:1.0.0] AndroidManifest.xml:20:5-44
MERGED from [androidx.legacy:legacy-support-core-ui:1.0.0] AndroidManifest.xml:20:5-44
MERGED from [androidx.legacy:legacy-support-core-utils:1.0.0] AndroidManifest.xml:20:5-44
MERGED from [androidx.legacy:legacy-support-core-utils:1.0.0] AndroidManifest.xml:20:5-44
MERGED from [androidx.loader:loader:1.0.0] AndroidManifest.xml:20:5-44
MERGED from [androidx.loader:loader:1.0.0] AndroidManifest.xml:20:5-44
MERGED from [androidx.lifecycle:lifecycle-runtime-ktx:2.7.0] AndroidManifest.xml:20:5-44
MERGED from [androidx.lifecycle:lifecycle-runtime-ktx:2.7.0] AndroidManifest.xml:20:5-44
MERGED from [androidx.lifecycle:lifecycle-livedata:2.7.0] AndroidManifest.xml:20:5-44
MERGED from [androidx.lifecycle:lifecycle-livedata:2.7.0] AndroidManifest.xml:20:5-44
MERGED from [androidx.lifecycle:lifecycle-viewmodel-ktx:2.7.0] AndroidManifest.xml:5:5-44
MERGED from [androidx.lifecycle:lifecycle-viewmodel-ktx:2.7.0] AndroidManifest.xml:5:5-44
MERGED from [androidx.lifecycle:lifecycle-livedata-core-ktx:2.7.0] AndroidManifest.xml:5:5-44
MERGED from [androidx.lifecycle:lifecycle-livedata-core-ktx:2.7.0] AndroidManifest.xml:5:5-44
MERGED from [androidx.lifecycle:lifecycle-livedata-core:2.7.0] AndroidManifest.xml:20:5-44
MERGED from [androidx.lifecycle:lifecycle-livedata-core:2.7.0] AndroidManifest.xml:20:5-44
MERGED from [androidx.lifecycle:lifecycle-viewmodel-savedstate:2.7.0] AndroidManifest.xml:20:5-44
MERGED from [androidx.lifecycle:lifecycle-viewmodel-savedstate:2.7.0] AndroidManifest.xml:20:5-44